0 verbose cli /usr/bin/node /usr/lib/node_modules/npm/bin/npm-cli.js
1 info using npm@10.8.2
2 info using node@v18.20.8
3 silly config load:file:/usr/lib/node_modules/npm/npmrc
4 silly config load:file:/home/UbiqCM4/AQI/.npmrc
5 silly config load:file:/home/UbiqCM4/.npmrc
6 silly config load:file:/usr/etc/npmrc
7 verbose title npm exec serve .
8 verbose argv "exec" "--" "serve" "."
9 verbose logfile logs-max:10 dir:/home/UbiqCM4/.npm/_logs/2025-05-27T01_07_16_845Z-
10 verbose logfile /home/UbiqCM4/.npm/_logs/2025-05-27T01_07_16_845Z-debug-0.log
11 silly logfile start cleaning logs, removing 1 files
12 silly logfile done cleaning log files
13 silly packumentCache heap:488374272 maxSize:122093568 maxEntrySize:61046784
14 verbose shrinkwrap failed to load node_modules/.package-lock.json out of date, updated: node_modules
15 http fetch GET https://registry.npmjs.org/serve attempt 1 failed with EAI_AGAIN
16 http fetch GET https://registry.npmjs.org/serve attempt 2 failed with EAI_AGAIN
17 http fetch GET https://registry.npmjs.org/serve attempt 3 failed with EAI_AGAIN
18 http fetch GET 200 https://registry.npmjs.org/serve 70300ms (cache stale)
19 silly packumentCache heap:488374272 maxSize:122093568 maxEntrySize:61046784
20 silly packumentCache heap:488374272 maxSize:122093568 maxEntrySize:61046784
